[2024-09-26 01:44:31] local.INFO: Iniciando transaccion  
[2024-09-26 01:44:56] local.INFO: Iniciando transaccion  
[2024-09-26 01:46:30] local.INFO: Iniciando transaccion  
[2024-09-26 01:47:40] local.INFO: Iniciando transaccion  
[2024-09-26 01:49:19] local.INFO: Iniciando transaccion  
[2024-09-26 01:49:41] local.INFO: Iniciando transaccion  
[2024-09-26 01:49:41] local.INFO: Errorsote: SQLSTATE[23000]: Integrity constraint violation: 1452 Cannot add or update a child row: a foreign key constraint fails (`controlrecursos`.`rgbco`, CONSTRAINT `fk_rgbco_clues1` FOREIGN KEY (`clue`) REFERENCES `clues` (`clue`) ON DELETE NO ACTION ON UPDATE NO ACTION) (SQL: insert into `rgbco` (`fechas`, `mes`, `metodo_pago`, `rfc`, `proveedor`, `factura`, `parcial`, `depositos`, `retiros`, `saldo`, `r`, `partida`, `fecha_factura`, `folio_fiscal`, `tipo_adjudicacion`, `num_adj_contrato`, `num_techo_financiero`, `orden_servicio_compra`, `clc`, `poliza`, `numero_cuenta_proovedor`, `referencia_bancaria`, `clue`, `nombre_clue`, `nombrepartida`, `mes_servicio`, `idfuente`, `ejercicio`) values (17/03/2023, MARZO, TRANSF, ?, MOPW820920F33, Mongeote Perez Wendy Lissette, QNA 02 ORD U00, 1539821.11, ?, 5405.31, 86005761.32, 1, 12201, ?, ?, ?, ?, ?, ?, ?, C02246, 1597567972, HSBC397268, ?, ?, SUELDOS BASE AL PERSONAL EVENTUAL, 4, 2023))  
[2024-09-26 01:49:41] local.INFO:  {"fechas":"17/03/2023","mes":"MARZO","metodo_pago":"TRANSF","rfc":null,"proveedor":"MOPW820920F33","factura":"Mongeote Perez Wendy Lissette","parcial":"QNA 02 ORD U00","depositos":1539821.11,"retiros":null,"saldo":5405.31,"r":86005761.32,"partida":1,"fecha_factura":12201,"folio_fiscal":null,"tipo_adjudicacion":null,"num_adj_contrato":null,"num_techo_financiero":null,"orden_servicio_compra":null,"clc":null,"poliza":null,"numero_cuenta_proovedor":"C02246","referencia_bancaria":1597567972,"clue":"HSBC397268","nombre_clue":null,"nombrepartida":null,"mes_servicio":"SUELDOS BASE AL PERSONAL EVENTUAL","idfuente":"4","ejercicio":"2023"} 
[2024-09-26 01:49:41] local.ERROR: A non-numeric value encountered {"userId":31,"exception":"[object] (ErrorException(code: 0): A non-numeric value encountered at C:\\Users\\DELL\\Desktop\\laravel\\controlrecursos\\app\\Http\\Controllers\\CargaController.php:172)
[stacktrace]
#0 C:\\Users\\DELL\\Desktop\\laravel\\controlrecursos\\app\\Http\\Controllers\\CargaController.php(172): Illuminate\\Foundation\\Bootstrap\\HandleExceptions->handleError(2, 'A non-numeric v...', 'C:\\\\Users\\\\DELL\\\\D...', 172, Array)
#1 [internal function]: App\\Http\\Controllers\\CargaController->uploadReport(Object(Illuminate\\Http\\Request))
#2 C:\\Users\\DELL\\Desktop\\laravel\\controlrecursos\\vendor\\laravel\\framework\\src\\Illuminate\\Routing\\Controller.php(54): call_user_func_array(Array, Array)
#3 C:\\Users\\DELL\\Desktop\\laravel\\controlrecursos\\vendor\\laravel\\framework\\src\\Illuminate\\Routing\\ControllerDispatcher.php(45): Illuminate\\Routing\\Controller->callAction('uploadReport', Array)
#4 C:\\Users\\DELL\\Desktop\\laravel\\controlrecursos\\vendor\\laravel\\framework\\src\\Illuminate\\Routing\\Route.php(219): Illuminate\\Routing\\ControllerDispatcher->dispatch(Object(Illuminate\\Routing\\Route), Object(App\\Http\\Controllers\\CargaController), 'uploadReport')
#5 C:\\Users\\DELL\\Desktop\\laravel\\controlrecursos\\vendor\\laravel\\framework\\src\\Illuminate\\Routing\\Route.php(176): Illuminate\\Routing\\Route->runController()
#6 C:\\Users\\DELL\\Desktop\\laravel\\controlrecursos\\vendor\\laravel\\framework\\src\\Illuminate\\Routing\\Router.php(680): Illuminate\\Routing\\Route->run()
#7 C:\\Users\\DELL\\Desktop\\laravel\\controlrecursos\\vendor\\laravel\\framework\\src\\Illuminate\\Routing\\Pipeline.php(30): Illuminate\\Routing\\Router->Illuminate\\Routing\\{closure}(Object(Illuminate\\Http\\Request))
#8 C:\\Users\\DELL\\Desktop\\laravel\\controlrecursos\\vendor\\laravel\\framework\\src\\Illuminate\\Routing\\Middleware\\SubstituteBindings.php(41): Illuminate\\Routing\\Pipeline->Illuminate\\Routing\\{closure}(Object(Illuminate\\Http\\Request))
#9 C:\\Users\\DELL\\Desktop\\laravel\\controlrecursos\\vendor\\laravel\\framework\\src\\Illuminate\\Pipeline\\Pipeline.php(163): Illuminate\\Routing\\Middleware\\SubstituteBindings->handle(Object(Illuminate\\Http\\Request), Object(Closure))
#10 C:\\Users\\DELL\\Desktop\\laravel\\controlrecursos\\vendor\\laravel\\framework\\src\\Illuminate\\Routing\\Pipeline.php(53): Illuminate\\Pipeline\\Pipeline->Illuminate\\Pipeline\\{closure}(Object(Illuminate\\Http\\Request))
#11 C:\\Users\\DELL\\Desktop\\laravel\\controlrecursos\\vendor\\laravel\\framework\\src\\Illuminate\\Auth\\Middleware\\Authenticate.php(43): Illuminate\\Routing\\Pipeline->Illuminate\\Routing\\{closure}(Object(Illuminate\\Http\\Request))
#12 C:\\Users\\DELL\\Desktop\\laravel\\controlrecursos\\vendor\\laravel\\framework\\src\\Illuminate\\Pipeline\\Pipeline.php(163): Illuminate\\Auth\\Middleware\\Authenticate->handle(Object(Illuminate\\Http\\Request), Object(Closure))
#13 C:\\Users\\DELL\\Desktop\\laravel\\controlrecursos\\vendor\\laravel\\framework\\src\\Illuminate\\Routing\\Pipeline.php(53): Illuminate\\Pipeline\\Pipeline->Illuminate\\Pipeline\\{closure}(Object(Illuminate\\Http\\Request))
#14 C:\\Users\\DELL\\Desktop\\laravel\\controlrecursos\\vendor\\laravel\\framework\\src\\Illuminate\\Foundation\\Http\\Middleware\\VerifyCsrfToken.php(75): Illuminate\\Routing\\Pipeline->Illuminate\\Routing\\{closure}(Object(Illuminate\\Http\\Request))
#15 C:\\Users\\DELL\\Desktop\\laravel\\controlrecursos\\vendor\\laravel\\framework\\src\\Illuminate\\Pipeline\\Pipeline.php(163): Illuminate\\Foundation\\Http\\Middleware\\VerifyCsrfToken->handle(Object(Illuminate\\Http\\Request), Object(Closure))
#16 C:\\Users\\DELL\\Desktop\\laravel\\controlrecursos\\vendor\\laravel\\framework\\src\\Illuminate\\Routing\\Pipeline.php(53): Illuminate\\Pipeline\\Pipeline->Illuminate\\Pipeline\\{closure}(Object(Illuminate\\Http\\Request))
#17 C:\\Users\\DELL\\Desktop\\laravel\\controlrecursos\\vendor\\laravel\\framework\\src\\Illuminate\\View\\Middleware\\ShareErrorsFromSession.php(49): Illuminate\\Routing\\Pipeline->Illuminate\\Routing\\{closure}(Object(Illuminate\\Http\\Request))
#18 C:\\Users\\DELL\\Desktop\\laravel\\controlrecursos\\vendor\\laravel\\framework\\src\\Illuminate\\Pipeline\\Pipeline.php(163): Illuminate\\View\\Middleware\\ShareErrorsFromSession->handle(Object(Illuminate\\Http\\Request), Object(Closure))
#19 C:\\Users\\DELL\\Desktop\\laravel\\controlrecursos\\vendor\\laravel\\framework\\src\\Illuminate\\Routing\\Pipeline.php(53): Illuminate\\Pipeline\\Pipeline->Illuminate\\Pipeline\\{closure}(Object(Illuminate\\Http\\Request))
#20 C:\\Users\\DELL\\Desktop\\laravel\\controlrecursos\\vendor\\laravel\\framework\\src\\Illuminate\\Session\\Middleware\\StartSession.php(56): Illuminate\\Routing\\Pipeline->Illuminate\\Routing\\{closure}(Object(Illuminate\\Http\\Request))
#21 C:\\Users\\DELL\\Desktop\\laravel\\controlrecursos\\vendor\\laravel\\framework\\src\\Illuminate\\Pipeline\\Pipeline.php(163): Illuminate\\Session\\Middleware\\StartSession->handle(Object(Illuminate\\Http\\Request), Object(Closure))
#22 C:\\Users\\DELL\\Desktop\\laravel\\controlrecursos\\vendor\\laravel\\framework\\src\\Illuminate\\Routing\\Pipeline.php(53): Illuminate\\Pipeline\\Pipeline->Illuminate\\Pipeline\\{closure}(Object(Illuminate\\Http\\Request))
#23 C:\\Users\\DELL\\Desktop\\laravel\\controlrecursos\\vendor\\laravel\\framework\\src\\Illuminate\\Cookie\\Middleware\\AddQueuedCookiesToResponse.php(37): Illuminate\\Routing\\Pipeline->Illuminate\\Routing\\{closure}(Object(Illuminate\\Http\\Request))
#24 C:\\Users\\DELL\\Desktop\\laravel\\controlrecursos\\vendor\\laravel\\framework\\src\\Illuminate\\Pipeline\\Pipeline.php(163): Illuminate\\Cookie\\Middleware\\AddQueuedCookiesToResponse->handle(Object(Illuminate\\Http\\Request), Object(Closure))
#25 C:\\Users\\DELL\\Desktop\\laravel\\controlrecursos\\vendor\\laravel\\framework\\src\\Illuminate\\Routing\\Pipeline.php(53): Illuminate\\Pipeline\\Pipeline->Illuminate\\Pipeline\\{closure}(Object(Illuminate\\Http\\Request))
#26 C:\\Users\\DELL\\Desktop\\laravel\\controlrecursos\\vendor\\laravel\\framework\\src\\Illuminate\\Cookie\\Middleware\\EncryptCookies.php(66): Illuminate\\Routing\\Pipeline->Illuminate\\Routing\\{closure}(Object(Illuminate\\Http\\Request))
#27 C:\\Users\\DELL\\Desktop\\laravel\\controlrecursos\\vendor\\laravel\\framework\\src\\Illuminate\\Pipeline\\Pipeline.php(163): Illuminate\\Cookie\\Middleware\\EncryptCookies->handle(Object(Illuminate\\Http\\Request), Object(Closure))
#28 C:\\Users\\DELL\\Desktop\\laravel\\controlrecursos\\vendor\\laravel\\framework\\src\\Illuminate\\Routing\\Pipeline.php(53): Illuminate\\Pipeline\\Pipeline->Illuminate\\Pipeline\\{closure}(Object(Illuminate\\Http\\Request))
#29 C:\\Users\\DELL\\Desktop\\laravel\\controlrecursos\\vendor\\laravel\\framework\\src\\Illuminate\\Pipeline\\Pipeline.php(104): Illuminate\\Routing\\Pipeline->Illuminate\\Routing\\{closure}(Object(Illuminate\\Http\\Request))
#30 C:\\Users\\DELL\\Desktop\\laravel\\controlrecursos\\vendor\\laravel\\framework\\src\\Illuminate\\Routing\\Router.php(682): Illuminate\\Pipeline\\Pipeline->then(Object(Closure))
#31 C:\\Users\\DELL\\Desktop\\laravel\\controlrecursos\\vendor\\laravel\\framework\\src\\Illuminate\\Routing\\Router.php(657): Illuminate\\Routing\\Router->runRouteWithinStack(Object(Illuminate\\Routing\\Route), Object(Illuminate\\Http\\Request))
#32 C:\\Users\\DELL\\Desktop\\laravel\\controlrecursos\\vendor\\laravel\\framework\\src\\Illuminate\\Routing\\Router.php(623): Illuminate\\Routing\\Router->runRoute(Object(Illuminate\\Http\\Request), Object(Illuminate\\Routing\\Route))
#33 C:\\Users\\DELL\\Desktop\\laravel\\controlrecursos\\vendor\\laravel\\framework\\src\\Illuminate\\Routing\\Router.php(612): Illuminate\\Routing\\Router->dispatchToRoute(Object(Illuminate\\Http\\Request))
#34 C:\\Users\\DELL\\Desktop\\laravel\\controlrecursos\\vendor\\laravel\\framework\\src\\Illuminate\\Foundation\\Http\\Kernel.php(176): Illuminate\\Routing\\Router->dispatch(Object(Illuminate\\Http\\Request))
#35 C:\\Users\\DELL\\Desktop\\laravel\\controlrecursos\\vendor\\laravel\\framework\\src\\Illuminate\\Routing\\Pipeline.php(30): Illuminate\\Foundation\\Http\\Kernel->Illuminate\\Foundation\\Http\\{closure}(Object(Illuminate\\Http\\Request))
#36 C:\\Users\\DELL\\Desktop\\laravel\\controlrecursos\\vendor\\laravel\\framework\\src\\Illuminate\\Foundation\\Http\\Middleware\\TransformsRequest.php(21): Illuminate\\Routing\\Pipeline->Illuminate\\Routing\\{closure}(Object(Illuminate\\Http\\Request))
#37 C:\\Users\\DELL\\Desktop\\laravel\\controlrecursos\\vendor\\laravel\\framework\\src\\Illuminate\\Pipeline\\Pipeline.php(163): Illuminate\\Foundation\\Http\\Middleware\\TransformsRequest->handle(Object(Illuminate\\Http\\Request), Object(Closure))
#38 C:\\Users\\DELL\\Desktop\\laravel\\controlrecursos\\vendor\\laravel\\framework\\src\\Illuminate\\Routing\\Pipeline.php(53): Illuminate\\Pipeline\\Pipeline->Illuminate\\Pipeline\\{closure}(Object(Illuminate\\Http\\Request))
#39 C:\\Users\\DELL\\Desktop\\laravel\\controlrecursos\\vendor\\laravel\\framework\\src\\Illuminate\\Foundation\\Http\\Middleware\\TransformsRequest.php(21): Illuminate\\Routing\\Pipeline->Illuminate\\Routing\\{closure}(Object(Illuminate\\Http\\Request))
#40 C:\\Users\\DELL\\Desktop\\laravel\\controlrecursos\\vendor\\laravel\\framework\\src\\Illuminate\\Pipeline\\Pipeline.php(163): Illuminate\\Foundation\\Http\\Middleware\\TransformsRequest->handle(Object(Illuminate\\Http\\Request), Object(Closure))
#41 C:\\Users\\DELL\\Desktop\\laravel\\controlrecursos\\vendor\\laravel\\framework\\src\\Illuminate\\Routing\\Pipeline.php(53): Illuminate\\Pipeline\\Pipeline->Illuminate\\Pipeline\\{closure}(Object(Illuminate\\Http\\Request))
#42 C:\\Users\\DELL\\Desktop\\laravel\\controlrecursos\\vendor\\laravel\\framework\\src\\Illuminate\\Foundation\\Http\\Middleware\\ValidatePostSize.php(27): Illuminate\\Routing\\Pipeline->Illuminate\\Routing\\{closure}(Object(Illuminate\\Http\\Request))
#43 C:\\Users\\DELL\\Desktop\\laravel\\controlrecursos\\vendor\\laravel\\framework\\src\\Illuminate\\Pipeline\\Pipeline.php(163): Illuminate\\Foundation\\Http\\Middleware\\ValidatePostSize->handle(Object(Illuminate\\Http\\Request), Object(Closure))
#44 C:\\Users\\DELL\\Desktop\\laravel\\controlrecursos\\vendor\\laravel\\framework\\src\\Illuminate\\Routing\\Pipeline.php(53): Illuminate\\Pipeline\\Pipeline->Illuminate\\Pipeline\\{closure}(Object(Illuminate\\Http\\Request))
#45 C:\\Users\\DELL\\Desktop\\laravel\\controlrecursos\\vendor\\laravel\\framework\\src\\Illuminate\\Foundation\\Http\\Middleware\\CheckForMaintenanceMode.php(62): Illuminate\\Routing\\Pipeline->Illuminate\\Routing\\{closure}(Object(Illuminate\\Http\\Request))
#46 C:\\Users\\DELL\\Desktop\\laravel\\controlrecursos\\vendor\\laravel\\framework\\src\\Illuminate\\Pipeline\\Pipeline.php(163): Illuminate\\Foundation\\Http\\Middleware\\CheckForMaintenanceMode->handle(Object(Illuminate\\Http\\Request), Object(Closure))
#47 C:\\Users\\DELL\\Desktop\\laravel\\controlrecursos\\vendor\\laravel\\framework\\src\\Illuminate\\Routing\\Pipeline.php(53): Illuminate\\Pipeline\\Pipeline->Illuminate\\Pipeline\\{closure}(Object(Illuminate\\Http\\Request))
#48 C:\\Users\\DELL\\Desktop\\laravel\\controlrecursos\\vendor\\fideloper\\proxy\\src\\TrustProxies.php(57): Illuminate\\Routing\\Pipeline->Illuminate\\Routing\\{closure}(Object(Illuminate\\Http\\Request))
#49 C:\\Users\\DELL\\Desktop\\laravel\\controlrecursos\\vendor\\laravel\\framework\\src\\Illuminate\\Pipeline\\Pipeline.php(163): Fideloper\\Proxy\\TrustProxies->handle(Object(Illuminate\\Http\\Request), Object(Closure))
#50 C:\\Users\\DELL\\Desktop\\laravel\\controlrecursos\\vendor\\laravel\\framework\\src\\Illuminate\\Routing\\Pipeline.php(53): Illuminate\\Pipeline\\Pipeline->Illuminate\\Pipeline\\{closure}(Object(Illuminate\\Http\\Request))
#51 C:\\Users\\DELL\\Desktop\\laravel\\controlrecursos\\vendor\\laravel\\framework\\src\\Illuminate\\Pipeline\\Pipeline.php(104): Illuminate\\Routing\\Pipeline->Illuminate\\Routing\\{closure}(Object(Illuminate\\Http\\Request))
#52 C:\\Users\\DELL\\Desktop\\laravel\\controlrecursos\\vendor\\laravel\\framework\\src\\Illuminate\\Foundation\\Http\\Kernel.php(151): Illuminate\\Pipeline\\Pipeline->then(Object(Closure))
#53 C:\\Users\\DELL\\Desktop\\laravel\\controlrecursos\\vendor\\laravel\\framework\\src\\Illuminate\\Foundation\\Http\\Kernel.php(116): Illuminate\\Foundation\\Http\\Kernel->sendRequestThroughRouter(Object(Illuminate\\Http\\Request))
#54 C:\\Users\\DELL\\Desktop\\laravel\\controlrecursos\\public\\index.php(55): Illuminate\\Foundation\\Http\\Kernel->handle(Object(Illuminate\\Http\\Request))
#55 C:\\Users\\DELL\\Desktop\\laravel\\controlrecursos\\server.php(21): require_once('C:\\\\Users\\\\DELL\\\\D...')
#56 {main}
"} 
[2024-09-26 01:57:17] local.INFO: Iniciando transaccion  
[2024-09-26 01:57:36] local.INFO: Iniciando transaccion  
[2024-09-26 01:57:36] local.INFO: Errorsote: SQLSTATE[23000]: Integrity constraint violation: 1452 Cannot add or update a child row: a foreign key constraint fails (`controlrecursos`.`rgbco`, CONSTRAINT `fk_rgbco_clues1` FOREIGN KEY (`clue`) REFERENCES `clues` (`clue`) ON DELETE NO ACTION ON UPDATE NO ACTION) (SQL: insert into `rgbco` (`fechas`, `mes`, `metodo_pago`, `rfc`, `proveedor`, `factura`, `parcial`, `depositos`, `retiros`, `saldo`, `r`, `partida`, `fecha_factura`, `folio_fiscal`, `tipo_adjudicacion`, `num_adj_contrato`, `num_techo_financiero`, `orden_servicio_compra`, `clc`, `poliza`, `numero_cuenta_proovedor`, `referencia_bancaria`, `clue`, `nombre_clue`, `nombrepartida`, `mes_servicio`, `idfuente`, `ejercicio`) values (17/03/2023, MARZO, TRANSF, ?, MOPW820920F33, Mongeote Perez Wendy Lissette, QNA 02 ORD U00, 1539821.11, ?, 5405.31, 86005761.32, 1, 12201, ?, ?, ?, ?, ?, ?, ?, C02246, 1597567972, HSBC397268, ?, ?, SUELDOS BASE AL PERSONAL EVENTUAL, 4, 2023))  
[2024-09-26 01:57:36] local.INFO:  {"fechas":"17/03/2023","mes":"MARZO","metodo_pago":"TRANSF","rfc":null,"proveedor":"MOPW820920F33","factura":"Mongeote Perez Wendy Lissette","parcial":"QNA 02 ORD U00","depositos":1539821.11,"retiros":null,"saldo":5405.31,"r":86005761.32,"partida":1,"fecha_factura":12201,"folio_fiscal":null,"tipo_adjudicacion":null,"num_adj_contrato":null,"num_techo_financiero":null,"orden_servicio_compra":null,"clc":null,"poliza":null,"numero_cuenta_proovedor":"C02246","referencia_bancaria":1597567972,"clue":"HSBC397268","nombre_clue":null,"nombrepartida":null,"mes_servicio":"SUELDOS BASE AL PERSONAL EVENTUAL","idfuente":"4","ejercicio":"2023"} 
[2024-09-26 01:57:36] local.ERROR: A non-numeric value encountered {"userId":31,"exception":"[object] (ErrorException(code: 0): A non-numeric value encountered at C:\\Users\\DELL\\Desktop\\laravel\\controlrecursos\\app\\Http\\Controllers\\CargaController.php:172)
[stacktrace]
#0 C:\\Users\\DELL\\Desktop\\laravel\\controlrecursos\\app\\Http\\Controllers\\CargaController.php(172): Illuminate\\Foundation\\Bootstrap\\HandleExceptions->handleError(2, 'A non-numeric v...', 'C:\\\\Users\\\\DELL\\\\D...', 172, Array)
#1 [internal function]: App\\Http\\Controllers\\CargaController->uploadReport(Object(Illuminate\\Http\\Request))
#2 C:\\Users\\DELL\\Desktop\\laravel\\controlrecursos\\vendor\\laravel\\framework\\src\\Illuminate\\Routing\\Controller.php(54): call_user_func_array(Array, Array)
#3 C:\\Users\\DELL\\Desktop\\laravel\\controlrecursos\\vendor\\laravel\\framework\\src\\Illuminate\\Routing\\ControllerDispatcher.php(45): Illuminate\\Routing\\Controller->callAction('uploadReport', Array)
#4 C:\\Users\\DELL\\Desktop\\laravel\\controlrecursos\\vendor\\laravel\\framework\\src\\Illuminate\\Routing\\Route.php(219): Illuminate\\Routing\\ControllerDispatcher->dispatch(Object(Illuminate\\Routing\\Route), Object(App\\Http\\Controllers\\CargaController), 'uploadReport')
#5 C:\\Users\\DELL\\Desktop\\laravel\\controlrecursos\\vendor\\laravel\\framework\\src\\Illuminate\\Routing\\Route.php(176): Illuminate\\Routing\\Route->runController()
#6 C:\\Users\\DELL\\Desktop\\laravel\\controlrecursos\\vendor\\laravel\\framework\\src\\Illuminate\\Routing\\Router.php(680): Illuminate\\Routing\\Route->run()
#7 C:\\Users\\DELL\\Desktop\\laravel\\controlrecursos\\vendor\\laravel\\framework\\src\\Illuminate\\Routing\\Pipeline.php(30): Illuminate\\Routing\\Router->Illuminate\\Routing\\{closure}(Object(Illuminate\\Http\\Request))
#8 C:\\Users\\DELL\\Desktop\\laravel\\controlrecursos\\vendor\\laravel\\framework\\src\\Illuminate\\Routing\\Middleware\\SubstituteBindings.php(41): Illuminate\\Routing\\Pipeline->Illuminate\\Routing\\{closure}(Object(Illuminate\\Http\\Request))
#9 C:\\Users\\DELL\\Desktop\\laravel\\controlrecursos\\vendor\\laravel\\framework\\src\\Illuminate\\Pipeline\\Pipeline.php(163): Illuminate\\Routing\\Middleware\\SubstituteBindings->handle(Object(Illuminate\\Http\\Request), Object(Closure))
#10 C:\\Users\\DELL\\Desktop\\laravel\\controlrecursos\\vendor\\laravel\\framework\\src\\Illuminate\\Routing\\Pipeline.php(53): Illuminate\\Pipeline\\Pipeline->Illuminate\\Pipeline\\{closure}(Object(Illuminate\\Http\\Request))
#11 C:\\Users\\DELL\\Desktop\\laravel\\controlrecursos\\vendor\\laravel\\framework\\src\\Illuminate\\Auth\\Middleware\\Authenticate.php(43): Illuminate\\Routing\\Pipeline->Illuminate\\Routing\\{closure}(Object(Illuminate\\Http\\Request))
#12 C:\\Users\\DELL\\Desktop\\laravel\\controlrecursos\\vendor\\laravel\\framework\\src\\Illuminate\\Pipeline\\Pipeline.php(163): Illuminate\\Auth\\Middleware\\Authenticate->handle(Object(Illuminate\\Http\\Request), Object(Closure))
#13 C:\\Users\\DELL\\Desktop\\laravel\\controlrecursos\\vendor\\laravel\\framework\\src\\Illuminate\\Routing\\Pipeline.php(53): Illuminate\\Pipeline\\Pipeline->Illuminate\\Pipeline\\{closure}(Object(Illuminate\\Http\\Request))
#14 C:\\Users\\DELL\\Desktop\\laravel\\controlrecursos\\vendor\\laravel\\framework\\src\\Illuminate\\Foundation\\Http\\Middleware\\VerifyCsrfToken.php(75): Illuminate\\Routing\\Pipeline->Illuminate\\Routing\\{closure}(Object(Illuminate\\Http\\Request))
#15 C:\\Users\\DELL\\Desktop\\laravel\\controlrecursos\\vendor\\laravel\\framework\\src\\Illuminate\\Pipeline\\Pipeline.php(163): Illuminate\\Foundation\\Http\\Middleware\\VerifyCsrfToken->handle(Object(Illuminate\\Http\\Request), Object(Closure))
#16 C:\\Users\\DELL\\Desktop\\laravel\\controlrecursos\\vendor\\laravel\\framework\\src\\Illuminate\\Routing\\Pipeline.php(53): Illuminate\\Pipeline\\Pipeline->Illuminate\\Pipeline\\{closure}(Object(Illuminate\\Http\\Request))
#17 C:\\Users\\DELL\\Desktop\\laravel\\controlrecursos\\vendor\\laravel\\framework\\src\\Illuminate\\View\\Middleware\\ShareErrorsFromSession.php(49): Illuminate\\Routing\\Pipeline->Illuminate\\Routing\\{closure}(Object(Illuminate\\Http\\Request))
#18 C:\\Users\\DELL\\Desktop\\laravel\\controlrecursos\\vendor\\laravel\\framework\\src\\Illuminate\\Pipeline\\Pipeline.php(163): Illuminate\\View\\Middleware\\ShareErrorsFromSession->handle(Object(Illuminate\\Http\\Request), Object(Closure))
#19 C:\\Users\\DELL\\Desktop\\laravel\\controlrecursos\\vendor\\laravel\\framework\\src\\Illuminate\\Routing\\Pipeline.php(53): Illuminate\\Pipeline\\Pipeline->Illuminate\\Pipeline\\{closure}(Object(Illuminate\\Http\\Request))
#20 C:\\Users\\DELL\\Desktop\\laravel\\controlrecursos\\vendor\\laravel\\framework\\src\\Illuminate\\Session\\Middleware\\StartSession.php(56): Illuminate\\Routing\\Pipeline->Illuminate\\Routing\\{closure}(Object(Illuminate\\Http\\Request))
#21 C:\\Users\\DELL\\Desktop\\laravel\\controlrecursos\\vendor\\laravel\\framework\\src\\Illuminate\\Pipeline\\Pipeline.php(163): Illuminate\\Session\\Middleware\\StartSession->handle(Object(Illuminate\\Http\\Request), Object(Closure))
#22 C:\\Users\\DELL\\Desktop\\laravel\\controlrecursos\\vendor\\laravel\\framework\\src\\Illuminate\\Routing\\Pipeline.php(53): Illuminate\\Pipeline\\Pipeline->Illuminate\\Pipeline\\{closure}(Object(Illuminate\\Http\\Request))
#23 C:\\Users\\DELL\\Desktop\\laravel\\controlrecursos\\vendor\\laravel\\framework\\src\\Illuminate\\Cookie\\Middleware\\AddQueuedCookiesToResponse.php(37): Illuminate\\Routing\\Pipeline->Illuminate\\Routing\\{closure}(Object(Illuminate\\Http\\Request))
#24 C:\\Users\\DELL\\Desktop\\laravel\\controlrecursos\\vendor\\laravel\\framework\\src\\Illuminate\\Pipeline\\Pipeline.php(163): Illuminate\\Cookie\\Middleware\\AddQueuedCookiesToResponse->handle(Object(Illuminate\\Http\\Request), Object(Closure))
#25 C:\\Users\\DELL\\Desktop\\laravel\\controlrecursos\\vendor\\laravel\\framework\\src\\Illuminate\\Routing\\Pipeline.php(53): Illuminate\\Pipeline\\Pipeline->Illuminate\\Pipeline\\{closure}(Object(Illuminate\\Http\\Request))
#26 C:\\Users\\DELL\\Desktop\\laravel\\controlrecursos\\vendor\\laravel\\framework\\src\\Illuminate\\Cookie\\Middleware\\EncryptCookies.php(66): Illuminate\\Routing\\Pipeline->Illuminate\\Routing\\{closure}(Object(Illuminate\\Http\\Request))
#27 C:\\Users\\DELL\\Desktop\\laravel\\controlrecursos\\vendor\\laravel\\framework\\src\\Illuminate\\Pipeline\\Pipeline.php(163): Illuminate\\Cookie\\Middleware\\EncryptCookies->handle(Object(Illuminate\\Http\\Request), Object(Closure))
#28 C:\\Users\\DELL\\Desktop\\laravel\\controlrecursos\\vendor\\laravel\\framework\\src\\Illuminate\\Routing\\Pipeline.php(53): Illuminate\\Pipeline\\Pipeline->Illuminate\\Pipeline\\{closure}(Object(Illuminate\\Http\\Request))
#29 C:\\Users\\DELL\\Desktop\\laravel\\controlrecursos\\vendor\\laravel\\framework\\src\\Illuminate\\Pipeline\\Pipeline.php(104): Illuminate\\Routing\\Pipeline->Illuminate\\Routing\\{closure}(Object(Illuminate\\Http\\Request))
#30 C:\\Users\\DELL\\Desktop\\laravel\\controlrecursos\\vendor\\laravel\\framework\\src\\Illuminate\\Routing\\Router.php(682): Illuminate\\Pipeline\\Pipeline->then(Object(Closure))
#31 C:\\Users\\DELL\\Desktop\\laravel\\controlrecursos\\vendor\\laravel\\framework\\src\\Illuminate\\Routing\\Router.php(657): Illuminate\\Routing\\Router->runRouteWithinStack(Object(Illuminate\\Routing\\Route), Object(Illuminate\\Http\\Request))
#32 C:\\Users\\DELL\\Desktop\\laravel\\controlrecursos\\vendor\\laravel\\framework\\src\\Illuminate\\Routing\\Router.php(623): Illuminate\\Routing\\Router->runRoute(Object(Illuminate\\Http\\Request), Object(Illuminate\\Routing\\Route))
#33 C:\\Users\\DELL\\Desktop\\laravel\\controlrecursos\\vendor\\laravel\\framework\\src\\Illuminate\\Routing\\Router.php(612): Illuminate\\Routing\\Router->dispatchToRoute(Object(Illuminate\\Http\\Request))
#34 C:\\Users\\DELL\\Desktop\\laravel\\controlrecursos\\vendor\\laravel\\framework\\src\\Illuminate\\Foundation\\Http\\Kernel.php(176): Illuminate\\Routing\\Router->dispatch(Object(Illuminate\\Http\\Request))
#35 C:\\Users\\DELL\\Desktop\\laravel\\controlrecursos\\vendor\\laravel\\framework\\src\\Illuminate\\Routing\\Pipeline.php(30): Illuminate\\Foundation\\Http\\Kernel->Illuminate\\Foundation\\Http\\{closure}(Object(Illuminate\\Http\\Request))
#36 C:\\Users\\DELL\\Desktop\\laravel\\controlrecursos\\vendor\\laravel\\framework\\src\\Illuminate\\Foundation\\Http\\Middleware\\TransformsRequest.php(21): Illuminate\\Routing\\Pipeline->Illuminate\\Routing\\{closure}(Object(Illuminate\\Http\\Request))
#37 C:\\Users\\DELL\\Desktop\\laravel\\controlrecursos\\vendor\\laravel\\framework\\src\\Illuminate\\Pipeline\\Pipeline.php(163): Illuminate\\Foundation\\Http\\Middleware\\TransformsRequest->handle(Object(Illuminate\\Http\\Request), Object(Closure))
#38 C:\\Users\\DELL\\Desktop\\laravel\\controlrecursos\\vendor\\laravel\\framework\\src\\Illuminate\\Routing\\Pipeline.php(53): Illuminate\\Pipeline\\Pipeline->Illuminate\\Pipeline\\{closure}(Object(Illuminate\\Http\\Request))
#39 C:\\Users\\DELL\\Desktop\\laravel\\controlrecursos\\vendor\\laravel\\framework\\src\\Illuminate\\Foundation\\Http\\Middleware\\TransformsRequest.php(21): Illuminate\\Routing\\Pipeline->Illuminate\\Routing\\{closure}(Object(Illuminate\\Http\\Request))
#40 C:\\Users\\DELL\\Desktop\\laravel\\controlrecursos\\vendor\\laravel\\framework\\src\\Illuminate\\Pipeline\\Pipeline.php(163): Illuminate\\Foundation\\Http\\Middleware\\TransformsRequest->handle(Object(Illuminate\\Http\\Request), Object(Closure))
#41 C:\\Users\\DELL\\Desktop\\laravel\\controlrecursos\\vendor\\laravel\\framework\\src\\Illuminate\\Routing\\Pipeline.php(53): Illuminate\\Pipeline\\Pipeline->Illuminate\\Pipeline\\{closure}(Object(Illuminate\\Http\\Request))
#42 C:\\Users\\DELL\\Desktop\\laravel\\controlrecursos\\vendor\\laravel\\framework\\src\\Illuminate\\Foundation\\Http\\Middleware\\ValidatePostSize.php(27): Illuminate\\Routing\\Pipeline->Illuminate\\Routing\\{closure}(Object(Illuminate\\Http\\Request))
#43 C:\\Users\\DELL\\Desktop\\laravel\\controlrecursos\\vendor\\laravel\\framework\\src\\Illuminate\\Pipeline\\Pipeline.php(163): Illuminate\\Foundation\\Http\\Middleware\\ValidatePostSize->handle(Object(Illuminate\\Http\\Request), Object(Closure))
#44 C:\\Users\\DELL\\Desktop\\laravel\\controlrecursos\\vendor\\laravel\\framework\\src\\Illuminate\\Routing\\Pipeline.php(53): Illuminate\\Pipeline\\Pipeline->Illuminate\\Pipeline\\{closure}(Object(Illuminate\\Http\\Request))
#45 C:\\Users\\DELL\\Desktop\\laravel\\controlrecursos\\vendor\\laravel\\framework\\src\\Illuminate\\Foundation\\Http\\Middleware\\CheckForMaintenanceMode.php(62): Illuminate\\Routing\\Pipeline->Illuminate\\Routing\\{closure}(Object(Illuminate\\Http\\Request))
#46 C:\\Users\\DELL\\Desktop\\laravel\\controlrecursos\\vendor\\laravel\\framework\\src\\Illuminate\\Pipeline\\Pipeline.php(163): Illuminate\\Foundation\\Http\\Middleware\\CheckForMaintenanceMode->handle(Object(Illuminate\\Http\\Request), Object(Closure))
#47 C:\\Users\\DELL\\Desktop\\laravel\\controlrecursos\\vendor\\laravel\\framework\\src\\Illuminate\\Routing\\Pipeline.php(53): Illuminate\\Pipeline\\Pipeline->Illuminate\\Pipeline\\{closure}(Object(Illuminate\\Http\\Request))
#48 C:\\Users\\DELL\\Desktop\\laravel\\controlrecursos\\vendor\\fideloper\\proxy\\src\\TrustProxies.php(57): Illuminate\\Routing\\Pipeline->Illuminate\\Routing\\{closure}(Object(Illuminate\\Http\\Request))
#49 C:\\Users\\DELL\\Desktop\\laravel\\controlrecursos\\vendor\\laravel\\framework\\src\\Illuminate\\Pipeline\\Pipeline.php(163): Fideloper\\Proxy\\TrustProxies->handle(Object(Illuminate\\Http\\Request), Object(Closure))
#50 C:\\Users\\DELL\\Desktop\\laravel\\controlrecursos\\vendor\\laravel\\framework\\src\\Illuminate\\Routing\\Pipeline.php(53): Illuminate\\Pipeline\\Pipeline->Illuminate\\Pipeline\\{closure}(Object(Illuminate\\Http\\Request))
#51 C:\\Users\\DELL\\Desktop\\laravel\\controlrecursos\\vendor\\laravel\\framework\\src\\Illuminate\\Pipeline\\Pipeline.php(104): Illuminate\\Routing\\Pipeline->Illuminate\\Routing\\{closure}(Object(Illuminate\\Http\\Request))
#52 C:\\Users\\DELL\\Desktop\\laravel\\controlrecursos\\vendor\\laravel\\framework\\src\\Illuminate\\Foundation\\Http\\Kernel.php(151): Illuminate\\Pipeline\\Pipeline->then(Object(Closure))
#53 C:\\Users\\DELL\\Desktop\\laravel\\controlrecursos\\vendor\\laravel\\framework\\src\\Illuminate\\Foundation\\Http\\Kernel.php(116): Illuminate\\Foundation\\Http\\Kernel->sendRequestThroughRouter(Object(Illuminate\\Http\\Request))
#54 C:\\Users\\DELL\\Desktop\\laravel\\controlrecursos\\public\\index.php(55): Illuminate\\Foundation\\Http\\Kernel->handle(Object(Illuminate\\Http\\Request))
#55 C:\\Users\\DELL\\Desktop\\laravel\\controlrecursos\\server.php(21): require_once('C:\\\\Users\\\\DELL\\\\D...')
#56 {main}
"} 
[2024-09-26 01:59:04] local.INFO: Iniciando transaccion  
[2024-09-26 02:01:34] local.INFO: Iniciando transaccion  
[2024-09-26 02:02:01] local.INFO: Iniciando transaccion  
[2024-09-26 02:08:48] local.INFO: Iniciando transaccion  
[2024-09-26 02:09:06] local.INFO: Iniciando transaccion  
[2024-09-26 02:09:06] local.INFO: Errorsote: SQLSTATE[23000]: Integrity constraint violation: 1452 Cannot add or update a child row: a foreign key constraint fails (`controlrecursos`.`rgbco`, CONSTRAINT `fk_rgbco_clues1` FOREIGN KEY (`clue`) REFERENCES `clues` (`clue`) ON DELETE NO ACTION ON UPDATE NO ACTION) (SQL: insert into `rgbco` (`fechas`, `mes`, `metodo_pago`, `rfc`, `proveedor`, `factura`, `parcial`, `depositos`, `retiros`, `saldo`, `r`, `partida`, `fecha_factura`, `folio_fiscal`, `tipo_adjudicacion`, `num_adj_contrato`, `num_techo_financiero`, `orden_servicio_compra`, `clc`, `poliza`, `numero_cuenta_proovedor`, `referencia_bancaria`, `clue`, `nombre_clue`, `nombrepartida`, `mes_servicio`, `idfuente`, `ejercicio`) values (17/03/2023, MARZO, TRANSF, ?, MOPW820920F33, Mongeote Perez Wendy Lissette, QNA 02 ORD U00, 1539821.11, ?, 5405.31, 86005761.32, 1, 12201, ?, ?, ?, ?, ?, ?, ?, C02246, 1597567972, HSBC397268, ?, ?, SUELDOS BASE AL PERSONAL EVENTUAL, 4, 2023))  
[2024-09-26 02:09:06] local.INFO:  {"fechas":"17/03/2023","mes":"MARZO","metodo_pago":"TRANSF","rfc":null,"proveedor":"MOPW820920F33","factura":"Mongeote Perez Wendy Lissette","parcial":"QNA 02 ORD U00","depositos":1539821.11,"retiros":null,"saldo":5405.31,"r":86005761.32,"partida":1,"fecha_factura":12201,"folio_fiscal":null,"tipo_adjudicacion":null,"num_adj_contrato":null,"num_techo_financiero":null,"orden_servicio_compra":null,"clc":null,"poliza":null,"numero_cuenta_proovedor":"C02246","referencia_bancaria":1597567972,"clue":"HSBC397268","nombre_clue":null,"nombrepartida":null,"mes_servicio":"SUELDOS BASE AL PERSONAL EVENTUAL","idfuente":"4","ejercicio":"2023"} 
[2024-09-26 02:09:06] local.ERROR: A non-numeric value encountered {"userId":31,"exception":"[object] (ErrorException(code: 0): A non-numeric value encountered at C:\\Users\\DELL\\Desktop\\laravel\\controlrecursos\\app\\Http\\Controllers\\CargaController.php:172)
[stacktrace]
#0 C:\\Users\\DELL\\Desktop\\laravel\\controlrecursos\\app\\Http\\Controllers\\CargaController.php(172): Illuminate\\Foundation\\Bootstrap\\HandleExceptions->handleError(2, 'A non-numeric v...', 'C:\\\\Users\\\\DELL\\\\D...', 172, Array)
#1 [internal function]: App\\Http\\Controllers\\CargaController->uploadReport(Object(Illuminate\\Http\\Request))
#2 C:\\Users\\DELL\\Desktop\\laravel\\controlrecursos\\vendor\\laravel\\framework\\src\\Illuminate\\Routing\\Controller.php(54): call_user_func_array(Array, Array)
#3 C:\\Users\\DELL\\Desktop\\laravel\\controlrecursos\\vendor\\laravel\\framework\\src\\Illuminate\\Routing\\ControllerDispatcher.php(45): Illuminate\\Routing\\Controller->callAction('uploadReport', Array)
#4 C:\\Users\\DELL\\Desktop\\laravel\\controlrecursos\\vendor\\laravel\\framework\\src\\Illuminate\\Routing\\Route.php(219): Illuminate\\Routing\\ControllerDispatcher->dispatch(Object(Illuminate\\Routing\\Route), Object(App\\Http\\Controllers\\CargaController), 'uploadReport')
#5 C:\\Users\\DELL\\Desktop\\laravel\\controlrecursos\\vendor\\laravel\\framework\\src\\Illuminate\\Routing\\Route.php(176): Illuminate\\Routing\\Route->runController()
#6 C:\\Users\\DELL\\Desktop\\laravel\\controlrecursos\\vendor\\laravel\\framework\\src\\Illuminate\\Routing\\Router.php(680): Illuminate\\Routing\\Route->run()
#7 C:\\Users\\DELL\\Desktop\\laravel\\controlrecursos\\vendor\\laravel\\framework\\src\\Illuminate\\Routing\\Pipeline.php(30): Illuminate\\Routing\\Router->Illuminate\\Routing\\{closure}(Object(Illuminate\\Http\\Request))
#8 C:\\Users\\DELL\\Desktop\\laravel\\controlrecursos\\vendor\\laravel\\framework\\src\\Illuminate\\Routing\\Middleware\\SubstituteBindings.php(41): Illuminate\\Routing\\Pipeline->Illuminate\\Routing\\{closure}(Object(Illuminate\\Http\\Request))
#9 C:\\Users\\DELL\\Desktop\\laravel\\controlrecursos\\vendor\\laravel\\framework\\src\\Illuminate\\Pipeline\\Pipeline.php(163): Illuminate\\Routing\\Middleware\\SubstituteBindings->handle(Object(Illuminate\\Http\\Request), Object(Closure))
#10 C:\\Users\\DELL\\Desktop\\laravel\\controlrecursos\\vendor\\laravel\\framework\\src\\Illuminate\\Routing\\Pipeline.php(53): Illuminate\\Pipeline\\Pipeline->Illuminate\\Pipeline\\{closure}(Object(Illuminate\\Http\\Request))
#11 C:\\Users\\DELL\\Desktop\\laravel\\controlrecursos\\vendor\\laravel\\framework\\src\\Illuminate\\Auth\\Middleware\\Authenticate.php(43): Illuminate\\Routing\\Pipeline->Illuminate\\Routing\\{closure}(Object(Illuminate\\Http\\Request))
#12 C:\\Users\\DELL\\Desktop\\laravel\\controlrecursos\\vendor\\laravel\\framework\\src\\Illuminate\\Pipeline\\Pipeline.php(163): Illuminate\\Auth\\Middleware\\Authenticate->handle(Object(Illuminate\\Http\\Request), Object(Closure))
#13 C:\\Users\\DELL\\Desktop\\laravel\\controlrecursos\\vendor\\laravel\\framework\\src\\Illuminate\\Routing\\Pipeline.php(53): Illuminate\\Pipeline\\Pipeline->Illuminate\\Pipeline\\{closure}(Object(Illuminate\\Http\\Request))
#14 C:\\Users\\DELL\\Desktop\\laravel\\controlrecursos\\vendor\\laravel\\framework\\src\\Illuminate\\Foundation\\Http\\Middleware\\VerifyCsrfToken.php(75): Illuminate\\Routing\\Pipeline->Illuminate\\Routing\\{closure}(Object(Illuminate\\Http\\Request))
#15 C:\\Users\\DELL\\Desktop\\laravel\\controlrecursos\\vendor\\laravel\\framework\\src\\Illuminate\\Pipeline\\Pipeline.php(163): Illuminate\\Foundation\\Http\\Middleware\\VerifyCsrfToken->handle(Object(Illuminate\\Http\\Request), Object(Closure))
#16 C:\\Users\\DELL\\Desktop\\laravel\\controlrecursos\\vendor\\laravel\\framework\\src\\Illuminate\\Routing\\Pipeline.php(53): Illuminate\\Pipeline\\Pipeline->Illuminate\\Pipeline\\{closure}(Object(Illuminate\\Http\\Request))
#17 C:\\Users\\DELL\\Desktop\\laravel\\controlrecursos\\vendor\\laravel\\framework\\src\\Illuminate\\View\\Middleware\\ShareErrorsFromSession.php(49): Illuminate\\Routing\\Pipeline->Illuminate\\Routing\\{closure}(Object(Illuminate\\Http\\Request))
#18 C:\\Users\\DELL\\Desktop\\laravel\\controlrecursos\\vendor\\laravel\\framework\\src\\Illuminate\\Pipeline\\Pipeline.php(163): Illuminate\\View\\Middleware\\ShareErrorsFromSession->handle(Object(Illuminate\\Http\\Request), Object(Closure))
#19 C:\\Users\\DELL\\Desktop\\laravel\\controlrecursos\\vendor\\laravel\\framework\\src\\Illuminate\\Routing\\Pipeline.php(53): Illuminate\\Pipeline\\Pipeline->Illuminate\\Pipeline\\{closure}(Object(Illuminate\\Http\\Request))
#20 C:\\Users\\DELL\\Desktop\\laravel\\controlrecursos\\vendor\\laravel\\framework\\src\\Illuminate\\Session\\Middleware\\StartSession.php(56): Illuminate\\Routing\\Pipeline->Illuminate\\Routing\\{closure}(Object(Illuminate\\Http\\Request))
#21 C:\\Users\\DELL\\Desktop\\laravel\\controlrecursos\\vendor\\laravel\\framework\\src\\Illuminate\\Pipeline\\Pipeline.php(163): Illuminate\\Session\\Middleware\\StartSession->handle(Object(Illuminate\\Http\\Request), Object(Closure))
#22 C:\\Users\\DELL\\Desktop\\laravel\\controlrecursos\\vendor\\laravel\\framework\\src\\Illuminate\\Routing\\Pipeline.php(53): Illuminate\\Pipeline\\Pipeline->Illuminate\\Pipeline\\{closure}(Object(Illuminate\\Http\\Request))
#23 C:\\Users\\DELL\\Desktop\\laravel\\controlrecursos\\vendor\\laravel\\framework\\src\\Illuminate\\Cookie\\Middleware\\AddQueuedCookiesToResponse.php(37): Illuminate\\Routing\\Pipeline->Illuminate\\Routing\\{closure}(Object(Illuminate\\Http\\Request))
#24 C:\\Users\\DELL\\Desktop\\laravel\\controlrecursos\\vendor\\laravel\\framework\\src\\Illuminate\\Pipeline\\Pipeline.php(163): Illuminate\\Cookie\\Middleware\\AddQueuedCookiesToResponse->handle(Object(Illuminate\\Http\\Request), Object(Closure))
#25 C:\\Users\\DELL\\Desktop\\laravel\\controlrecursos\\vendor\\laravel\\framework\\src\\Illuminate\\Routing\\Pipeline.php(53): Illuminate\\Pipeline\\Pipeline->Illuminate\\Pipeline\\{closure}(Object(Illuminate\\Http\\Request))
#26 C:\\Users\\DELL\\Desktop\\laravel\\controlrecursos\\vendor\\laravel\\framework\\src\\Illuminate\\Cookie\\Middleware\\EncryptCookies.php(66): Illuminate\\Routing\\Pipeline->Illuminate\\Routing\\{closure}(Object(Illuminate\\Http\\Request))
#27 C:\\Users\\DELL\\Desktop\\laravel\\controlrecursos\\vendor\\laravel\\framework\\src\\Illuminate\\Pipeline\\Pipeline.php(163): Illuminate\\Cookie\\Middleware\\EncryptCookies->handle(Object(Illuminate\\Http\\Request), Object(Closure))
#28 C:\\Users\\DELL\\Desktop\\laravel\\controlrecursos\\vendor\\laravel\\framework\\src\\Illuminate\\Routing\\Pipeline.php(53): Illuminate\\Pipeline\\Pipeline->Illuminate\\Pipeline\\{closure}(Object(Illuminate\\Http\\Request))
#29 C:\\Users\\DELL\\Desktop\\laravel\\controlrecursos\\vendor\\laravel\\framework\\src\\Illuminate\\Pipeline\\Pipeline.php(104): Illuminate\\Routing\\Pipeline->Illuminate\\Routing\\{closure}(Object(Illuminate\\Http\\Request))
#30 C:\\Users\\DELL\\Desktop\\laravel\\controlrecursos\\vendor\\laravel\\framework\\src\\Illuminate\\Routing\\Router.php(682): Illuminate\\Pipeline\\Pipeline->then(Object(Closure))
#31 C:\\Users\\DELL\\Desktop\\laravel\\controlrecursos\\vendor\\laravel\\framework\\src\\Illuminate\\Routing\\Router.php(657): Illuminate\\Routing\\Router->runRouteWithinStack(Object(Illuminate\\Routing\\Route), Object(Illuminate\\Http\\Request))
#32 C:\\Users\\DELL\\Desktop\\laravel\\controlrecursos\\vendor\\laravel\\framework\\src\\Illuminate\\Routing\\Router.php(623): Illuminate\\Routing\\Router->runRoute(Object(Illuminate\\Http\\Request), Object(Illuminate\\Routing\\Route))
#33 C:\\Users\\DELL\\Desktop\\laravel\\controlrecursos\\vendor\\laravel\\framework\\src\\Illuminate\\Routing\\Router.php(612): Illuminate\\Routing\\Router->dispatchToRoute(Object(Illuminate\\Http\\Request))
#34 C:\\Users\\DELL\\Desktop\\laravel\\controlrecursos\\vendor\\laravel\\framework\\src\\Illuminate\\Foundation\\Http\\Kernel.php(176): Illuminate\\Routing\\Router->dispatch(Object(Illuminate\\Http\\Request))
#35 C:\\Users\\DELL\\Desktop\\laravel\\controlrecursos\\vendor\\laravel\\framework\\src\\Illuminate\\Routing\\Pipeline.php(30): Illuminate\\Foundation\\Http\\Kernel->Illuminate\\Foundation\\Http\\{closure}(Object(Illuminate\\Http\\Request))
#36 C:\\Users\\DELL\\Desktop\\laravel\\controlrecursos\\vendor\\laravel\\framework\\src\\Illuminate\\Foundation\\Http\\Middleware\\TransformsRequest.php(21): Illuminate\\Routing\\Pipeline->Illuminate\\Routing\\{closure}(Object(Illuminate\\Http\\Request))
#37 C:\\Users\\DELL\\Desktop\\laravel\\controlrecursos\\vendor\\laravel\\framework\\src\\Illuminate\\Pipeline\\Pipeline.php(163): Illuminate\\Foundation\\Http\\Middleware\\TransformsRequest->handle(Object(Illuminate\\Http\\Request), Object(Closure))
#38 C:\\Users\\DELL\\Desktop\\laravel\\controlrecursos\\vendor\\laravel\\framework\\src\\Illuminate\\Routing\\Pipeline.php(53): Illuminate\\Pipeline\\Pipeline->Illuminate\\Pipeline\\{closure}(Object(Illuminate\\Http\\Request))
#39 C:\\Users\\DELL\\Desktop\\laravel\\controlrecursos\\vendor\\laravel\\framework\\src\\Illuminate\\Foundation\\Http\\Middleware\\TransformsRequest.php(21): Illuminate\\Routing\\Pipeline->Illuminate\\Routing\\{closure}(Object(Illuminate\\Http\\Request))
#40 C:\\Users\\DELL\\Desktop\\laravel\\controlrecursos\\vendor\\laravel\\framework\\src\\Illuminate\\Pipeline\\Pipeline.php(163): Illuminate\\Foundation\\Http\\Middleware\\TransformsRequest->handle(Object(Illuminate\\Http\\Request), Object(Closure))
#41 C:\\Users\\DELL\\Desktop\\laravel\\controlrecursos\\vendor\\laravel\\framework\\src\\Illuminate\\Routing\\Pipeline.php(53): Illuminate\\Pipeline\\Pipeline->Illuminate\\Pipeline\\{closure}(Object(Illuminate\\Http\\Request))
#42 C:\\Users\\DELL\\Desktop\\laravel\\controlrecursos\\vendor\\laravel\\framework\\src\\Illuminate\\Foundation\\Http\\Middleware\\ValidatePostSize.php(27): Illuminate\\Routing\\Pipeline->Illuminate\\Routing\\{closure}(Object(Illuminate\\Http\\Request))
#43 C:\\Users\\DELL\\Desktop\\laravel\\controlrecursos\\vendor\\laravel\\framework\\src\\Illuminate\\Pipeline\\Pipeline.php(163): Illuminate\\Foundation\\Http\\Middleware\\ValidatePostSize->handle(Object(Illuminate\\Http\\Request), Object(Closure))
#44 C:\\Users\\DELL\\Desktop\\laravel\\controlrecursos\\vendor\\laravel\\framework\\src\\Illuminate\\Routing\\Pipeline.php(53): Illuminate\\Pipeline\\Pipeline->Illuminate\\Pipeline\\{closure}(Object(Illuminate\\Http\\Request))
#45 C:\\Users\\DELL\\Desktop\\laravel\\controlrecursos\\vendor\\laravel\\framework\\src\\Illuminate\\Foundation\\Http\\Middleware\\CheckForMaintenanceMode.php(62): Illuminate\\Routing\\Pipeline->Illuminate\\Routing\\{closure}(Object(Illuminate\\Http\\Request))
#46 C:\\Users\\DELL\\Desktop\\laravel\\controlrecursos\\vendor\\laravel\\framework\\src\\Illuminate\\Pipeline\\Pipeline.php(163): Illuminate\\Foundation\\Http\\Middleware\\CheckForMaintenanceMode->handle(Object(Illuminate\\Http\\Request), Object(Closure))
#47 C:\\Users\\DELL\\Desktop\\laravel\\controlrecursos\\vendor\\laravel\\framework\\src\\Illuminate\\Routing\\Pipeline.php(53): Illuminate\\Pipeline\\Pipeline->Illuminate\\Pipeline\\{closure}(Object(Illuminate\\Http\\Request))
#48 C:\\Users\\DELL\\Desktop\\laravel\\controlrecursos\\vendor\\fideloper\\proxy\\src\\TrustProxies.php(57): Illuminate\\Routing\\Pipeline->Illuminate\\Routing\\{closure}(Object(Illuminate\\Http\\Request))
#49 C:\\Users\\DELL\\Desktop\\laravel\\controlrecursos\\vendor\\laravel\\framework\\src\\Illuminate\\Pipeline\\Pipeline.php(163): Fideloper\\Proxy\\TrustProxies->handle(Object(Illuminate\\Http\\Request), Object(Closure))
#50 C:\\Users\\DELL\\Desktop\\laravel\\controlrecursos\\vendor\\laravel\\framework\\src\\Illuminate\\Routing\\Pipeline.php(53): Illuminate\\Pipeline\\Pipeline->Illuminate\\Pipeline\\{closure}(Object(Illuminate\\Http\\Request))
#51 C:\\Users\\DELL\\Desktop\\laravel\\controlrecursos\\vendor\\laravel\\framework\\src\\Illuminate\\Pipeline\\Pipeline.php(104): Illuminate\\Routing\\Pipeline->Illuminate\\Routing\\{closure}(Object(Illuminate\\Http\\Request))
#52 C:\\Users\\DELL\\Desktop\\laravel\\controlrecursos\\vendor\\laravel\\framework\\src\\Illuminate\\Foundation\\Http\\Kernel.php(151): Illuminate\\Pipeline\\Pipeline->then(Object(Closure))
#53 C:\\Users\\DELL\\Desktop\\laravel\\controlrecursos\\vendor\\laravel\\framework\\src\\Illuminate\\Foundation\\Http\\Kernel.php(116): Illuminate\\Foundation\\Http\\Kernel->sendRequestThroughRouter(Object(Illuminate\\Http\\Request))
#54 C:\\Users\\DELL\\Desktop\\laravel\\controlrecursos\\public\\index.php(55): Illuminate\\Foundation\\Http\\Kernel->handle(Object(Illuminate\\Http\\Request))
#55 C:\\Users\\DELL\\Desktop\\laravel\\controlrecursos\\server.php(21): require_once('C:\\\\Users\\\\DELL\\\\D...')
#56 {main}
"} 
[2024-09-26 02:14:45] local.INFO: Iniciando transaccion  
[2024-09-26 02:15:11] local.INFO: Iniciando transaccion  
[2024-09-26 02:16:28] local.INFO: Iniciando transaccion  
[2024-09-26 02:16:50] local.INFO: Iniciando transaccion  
[2024-09-26 02:17:07] local.INFO: Iniciando transaccion  
