[2024-09-27 01:21:05] local.INFO: array (
  'idfuente' => 1,
  'ejercicio' => '2023',
  'idpartida' => 1,
  'descripcion' => 'Sueldos base',
  'idcapitulo' => 1,
  'monto_programado' => 66000000,
)  
[2024-09-27 01:21:05] local.INFO:   
[2024-09-27 01:21:05] local.INFO: array (
  'idfuente' => 1,
  'ejercicio' => '2023',
  'idpartida' => 1,
  'descripcion' => 'Sueldos base',
  'idcapitulo' => 1,
  'monto_programado' => 66000000,
  'idrubro' => 1,
)  
[2024-09-27 01:21:05] local.INFO: array (
  'idfuente' => 1,
  'ejercicio' => '2023',
  'idpartida' => 34,
  'descripcion' => 'Medicinas y productos farmacéuticos',
  'idcapitulo' => 2,
  'monto_programado' => 66000000,
)  
[2024-09-27 01:21:05] local.INFO:   
[2024-09-27 01:21:05] local.INFO: array (
  'idfuente' => 1,
  'ejercicio' => '2023',
  'idpartida' => 34,
  'descripcion' => 'Medicinas y productos farmacéuticos',
  'idcapitulo' => 2,
  'monto_programado' => 66000000,
  'idrubro' => 2,
)  
[2024-09-27 01:21:05] local.INFO: array (
  'idfuente' => 1,
  'ejercicio' => '2023',
  'idpartida' => 19,
  'descripcion' => 'Materiales y útiles de impresión y reproducción',
  'idcapitulo' => 3,
  'monto_programado' => 66000000,
)  
[2024-09-27 01:21:05] local.INFO:   
[2024-09-27 01:21:05] local.INFO: array (
  'idfuente' => 1,
  'ejercicio' => '2023',
  'idpartida' => 19,
  'descripcion' => 'Materiales y útiles de impresión y reproducción',
  'idcapitulo' => 3,
  'monto_programado' => 66000000,
  'idrubro' => 3,
)  
[2024-09-27 01:21:24] local.INFO: -------------------------------------------------------------------------------------------------------------  
[2024-09-27 01:21:24] local.INFO: 2023  
[2024-09-27 01:21:24] local.INFO: -------------------------------------------------------------------------------------------------------------  
[2024-09-27 01:21:24] local.INFO: 2023  
[2024-09-27 01:21:24] local.INFO: -------------------------------------------------------------------------------------------------------------  
[2024-09-27 01:21:24] local.INFO: 2023  
